{"uid":"a45ab95705cb59bd","name":"test_rebuilder_plugin","fullName":"tests.integration.test_plugins_part_2#test_rebuilder_plugin","historyId":"c1c0e822ede6529c0decc1b078b8da86","time":{"start":1769874407096,"stop":1769874407096,"duration":0},"description":"\n    arrange: given a Jenkins charm with rebuilder plugin installed.\n    act: when a job is built and a rebuild is triggered.\n    assert: last job is rebuilt.\n    ","descriptionHtml":"<pre><code>arrange: given a Jenkins charm with rebuilder plugin installed.\nact: when a job is built and a rebuild is triggered.\nassert: last job is rebuilt.\n</code></pre>\n","status":"broken","statusMessage":"TimeoutError: Timed out waiting for model:\n  jenkins-k8s/0 [idle] error: hook failed: \"update-status\"","statusTrace":"Traceback (most recent call last):\n  File \"/home/ubuntu/actions-runner/_work/jenkins-k8s-operator/jenkins-k8s-operator/.tox/integration/lib/python3.12/site-packages/_pytest/runner.py\", line 344, in from_call\n    result: TResult | None = func()\n                             ^^^^^^\n  File \"/home/ubuntu/actions-runner/_work/jenkins-k8s-operator/jenkins-k8s-operator/.tox/integration/lib/python3.12/site-packages/_pytest/runner.py\", line 246, in <lambda>\n    lambda: runtest_hook(item=item, **kwds), when=when, reraise=reraise\n            ^^^^^^^^^^^^^^^^^^^^^^^^^^^^^^^\n  File \"/home/ubuntu/actions-runner/_work/jenkins-k8s-operator/jenkins-k8s-operator/.tox/integration/lib/python3.12/site-packages/pluggy/_hooks.py\", line 512, in __call__\n    return self._hookexec(self.name, self._hookimpls.copy(), kwargs, firstresult)\n           ^^^^^^^^^^^^^^^^^^^^^^^^^^^^^^^^^^^^^^^^^^^^^^^^^^^^^^^^^^^^^^^^^^^^^^\n  File \"/home/ubuntu/actions-runner/_work/jenkins-k8s-operator/jenkins-k8s-operator/.tox/integration/lib/python3.12/site-packages/pluggy/_manager.py\", line 120, in _hookexec\n    return self._inner_hookexec(hook_name, methods, kwargs, firstresult)\n           ^^^^^^^^^^^^^^^^^^^^^^^^^^^^^^^^^^^^^^^^^^^^^^^^^^^^^^^^^^^^^\n  File \"/home/ubuntu/actions-runner/_work/jenkins-k8s-operator/jenkins-k8s-operator/.tox/integration/lib/python3.12/site-packages/pluggy/_callers.py\", line 167, in _multicall\n    raise exception\n  File \"/home/ubuntu/actions-runner/_work/jenkins-k8s-operator/jenkins-k8s-operator/.tox/integration/lib/python3.12/site-packages/pluggy/_callers.py\", line 139, in _multicall\n    teardown.throw(exception)\n  File \"/home/ubuntu/actions-runner/_work/jenkins-k8s-operator/jenkins-k8s-operator/.tox/integration/lib/python3.12/site-packages/_pytest/logging.py\", line 843, in pytest_runtest_setup\n    yield\n  File \"/home/ubuntu/actions-runner/_work/jenkins-k8s-operator/jenkins-k8s-operator/.tox/integration/lib/python3.12/site-packages/pluggy/_callers.py\", line 139, in _multicall\n    teardown.throw(exception)\n  File \"/home/ubuntu/actions-runner/_work/jenkins-k8s-operator/jenkins-k8s-operator/.tox/integration/lib/python3.12/site-packages/pluggy/_callers.py\", line 53, in run_old_style_hookwrapper\n    return result.get_result()\n           ^^^^^^^^^^^^^^^^^^^\n  File \"/home/ubuntu/actions-runner/_work/jenkins-k8s-operator/jenkins-k8s-operator/.tox/integration/lib/python3.12/site-packages/pluggy/_result.py\", line 103, in get_result\n    raise exc.with_traceback(tb)\n  File \"/home/ubuntu/actions-runner/_work/jenkins-k8s-operator/jenkins-k8s-operator/.tox/integration/lib/python3.12/site-packages/pluggy/_callers.py\", line 38, in run_old_style_hookwrapper\n    res = yield\n          ^^^^^\n  File \"/home/ubuntu/actions-runner/_work/jenkins-k8s-operator/jenkins-k8s-operator/.tox/integration/lib/python3.12/site-packages/pluggy/_callers.py\", line 139, in _multicall\n    teardown.throw(exception)\n  File \"/home/ubuntu/actions-runner/_work/jenkins-k8s-operator/jenkins-k8s-operator/.tox/integration/lib/python3.12/site-packages/_pytest/capture.py\", line 895, in pytest_runtest_setup\n    return (yield)\n            ^^^^^\n  File \"/home/ubuntu/actions-runner/_work/jenkins-k8s-operator/jenkins-k8s-operator/.tox/integration/lib/python3.12/site-packages/pluggy/_callers.py\", line 121, in _multicall\n    res = hook_impl.function(*args)\n          ^^^^^^^^^^^^^^^^^^^^^^^^^\n  File \"/home/ubuntu/actions-runner/_work/jenkins-k8s-operator/jenkins-k8s-operator/.tox/integration/lib/python3.12/site-packages/_pytest/runner.py\", line 164, in pytest_runtest_setup\n    item.session._setupstate.setup(item)\n  File \"/home/ubuntu/actions-runner/_work/jenkins-k8s-operator/jenkins-k8s-operator/.tox/integration/lib/python3.12/site-packages/_pytest/runner.py\", line 514, in setup\n    col.setup()\n  File \"/home/ubuntu/actions-runner/_work/jenkins-k8s-operator/jenkins-k8s-operator/.tox/integration/lib/python3.12/site-packages/_pytest/python.py\", line 1674, in setup\n    self._request._fillfixtures()\n  File \"/home/ubuntu/actions-runner/_work/jenkins-k8s-operator/jenkins-k8s-operator/.tox/integration/lib/python3.12/site-packages/_pytest/fixtures.py\", line 720, in _fillfixtures\n    item.funcargs[argname] = self.getfixturevalue(argname)\n                             ^^^^^^^^^^^^^^^^^^^^^^^^^^^^^\n  File \"/home/ubuntu/actions-runner/_work/jenkins-k8s-operator/jenkins-k8s-operator/.tox/integration/lib/python3.12/site-packages/_pytest/fixtures.py\", line 549, in getfixturevalue\n    fixturedef = self._get_active_fixturedef(argname)\n                 ^^^^^^^^^^^^^^^^^^^^^^^^^^^^^^^^^^^^\n  File \"/home/ubuntu/actions-runner/_work/jenkins-k8s-operator/jenkins-k8s-operator/.tox/integration/lib/python3.12/site-packages/_pytest/fixtures.py\", line 640, in _get_active_fixturedef\n    fixturedef.execute(request=subrequest)\n  File \"/home/ubuntu/actions-runner/_work/jenkins-k8s-operator/jenkins-k8s-operator/.tox/integration/lib/python3.12/site-packages/_pytest/fixtures.py\", line 1084, in execute\n    fixturedef = request._get_active_fixturedef(argname)\n                 ^^^^^^^^^^^^^^^^^^^^^^^^^^^^^^^^^^^^^^^\n  File \"/home/ubuntu/actions-runner/_work/jenkins-k8s-operator/jenkins-k8s-operator/.tox/integration/lib/python3.12/site-packages/_pytest/fixtures.py\", line 640, in _get_active_fixturedef\n    fixturedef.execute(request=subrequest)\n  File \"/home/ubuntu/actions-runner/_work/jenkins-k8s-operator/jenkins-k8s-operator/.tox/integration/lib/python3.12/site-packages/_pytest/fixtures.py\", line 1108, in execute\n    raise exc.with_traceback(exc_tb)\n  File \"/home/ubuntu/actions-runner/_work/jenkins-k8s-operator/jenkins-k8s-operator/.tox/integration/lib/python3.12/site-packages/_pytest/fixtures.py\", line 1196, in pytest_fixture_setup\n    result = call_fixture_func(fixturefunc, request, kwargs)\n             ^^^^^^^^^^^^^^^^^^^^^^^^^^^^^^^^^^^^^^^^^^^^^^^\n  File \"/home/ubuntu/actions-runner/_work/jenkins-k8s-operator/jenkins-k8s-operator/.tox/integration/lib/python3.12/site-packages/_pytest/fixtures.py\", line 930, in call_fixture_func\n    fixture_result = fixturefunc(**kwargs)\n                     ^^^^^^^^^^^^^^^^^^^^^\n  File \"/home/ubuntu/actions-runner/_work/jenkins-k8s-operator/jenkins-k8s-operator/.tox/integration/lib/python3.12/site-packages/pytest_asyncio/plugin.py\", line 302, in _asyncgen_fixture_wrapper\n    result = event_loop.run_until_complete(setup())\n             ^^^^^^^^^^^^^^^^^^^^^^^^^^^^^^^^^^^^^^\n  File \"/usr/lib/python3.12/asyncio/base_events.py\", line 687, in run_until_complete\n    return future.result()\n           ^^^^^^^^^^^^^^^\n  File \"/home/ubuntu/actions-runner/_work/jenkins-k8s-operator/jenkins-k8s-operator/.tox/integration/lib/python3.12/site-packages/pytest_asyncio/plugin.py\", line 284, in setup\n    res = await gen_obj.__anext__()\n          ^^^^^^^^^^^^^^^^^^^^^^^^^\n  File \"/home/ubuntu/actions-runner/_work/jenkins-k8s-operator/jenkins-k8s-operator/tests/integration/conftest.py\", line 97, in application_fixture\n    await model.wait_for_idle(\n  File \"/home/ubuntu/actions-runner/_work/jenkins-k8s-operator/jenkins-k8s-operator/.tox/integration/lib/python3.12/site-packages/juju/model/__init__.py\", line 3250, in wait_for_idle\n    raise asyncio.TimeoutError(\nTimeoutError: Timed out waiting for model:\n  jenkins-k8s/0 [idle] error: hook failed: \"update-status\"","flaky":false,"newFailed":false,"newBroken":true,"newPassed":false,"retriesCount":1,"retriesStatusChange":true,"beforeStages":[{"name":"ops_test","time":{"start":1769873205101,"stop":1769873205316,"duration":215},"status":"passed","steps":[],"attachments":[],"parameters":[],"shouldDisplayMessage":false,"stepsCount":0,"attachmentsCount":0,"hasContent":false,"attachmentStep":false},{"name":"event_loop","time":{"start":1769873205101,"stop":1769873205101,"duration":0},"status":"passed","steps":[],"attachments":[],"parameters":[],"shouldDisplayMessage":false,"stepsCount":0,"attachmentsCount":0,"hasContent":false,"attachmentStep":false},{"name":"delete_output_dir","time":{"start":1769873205101,"stop":1769873205101,"duration":0},"status":"passed","steps":[],"attachments":[],"parameters":[],"shouldDisplayMessage":false,"stepsCount":0,"attachmentsCount":0,"hasContent":false,"attachmentStep":false},{"name":"tmp_path_factory","time":{"start":1769873205101,"stop":1769873205101,"duration":0},"status":"passed","steps":[],"attachments":[],"parameters":[],"shouldDisplayMessage":false,"stepsCount":0,"attachmentsCount":0,"hasContent":false,"attachmentStep":false},{"name":"pytestconfig","time":{"start":1769873205101,"stop":1769873205101,"duration":0},"status":"passed","steps":[],"attachments":[],"parameters":[],"shouldDisplayMessage":false,"stepsCount":0,"attachmentsCount":0,"hasContent":false,"attachmentStep":false},{"name":"base_url","time":{"start":1769873205101,"stop":1769873205101,"duration":0},"status":"passed","steps":[],"attachments":[],"parameters":[],"shouldDisplayMessage":false,"stepsCount":0,"attachmentsCount":0,"hasContent":false,"attachmentStep":false},{"name":"_verify_url","time":{"start":1769873205101,"stop":1769873205101,"duration":0},"status":"passed","steps":[],"attachments":[],"parameters":[],"shouldDisplayMessage":false,"stepsCount":0,"attachmentsCount":0,"hasContent":false,"attachmentStep":false},{"name":"model","time":{"start":1769873205316,"stop":1769873205316,"duration":0},"status":"passed","steps":[],"attachments":[],"parameters":[],"shouldDisplayMessage":false,"stepsCount":0,"attachmentsCount":0,"hasContent":false,"attachmentStep":false},{"name":"jenkins_image","time":{"start":1769873205316,"stop":1769873205316,"duration":0},"status":"passed","steps":[],"attachments":[],"parameters":[],"shouldDisplayMessage":false,"stepsCount":0,"attachmentsCount":0,"hasContent":false,"attachmentStep":false},{"name":"application","time":{"start":1769873205316,"stop":1769874407084,"duration":1201768},"status":"broken","statusMessage":"TimeoutError: Timed out waiting for model:\n  jenkins-k8s/0 [idle] error: hook failed: \"update-status\"\n","statusTrace":"  File \"/home/ubuntu/actions-runner/_work/jenkins-k8s-operator/jenkins-k8s-operator/.tox/integration/lib/python3.12/site-packages/pluggy/_callers.py\", line 38, in run_old_style_hookwrapper\n    res = yield\n          ^^^^^\n  File \"/home/ubuntu/actions-runner/_work/jenkins-k8s-operator/jenkins-k8s-operator/.tox/integration/lib/python3.12/site-packages/pluggy/_callers.py\", line 139, in _multicall\n    teardown.throw(exception)\n  File \"/home/ubuntu/actions-runner/_work/jenkins-k8s-operator/jenkins-k8s-operator/.tox/integration/lib/python3.12/site-packages/pluggy/_callers.py\", line 53, in run_old_style_hookwrapper\n    return result.get_result()\n           ^^^^^^^^^^^^^^^^^^^\n  File \"/home/ubuntu/actions-runner/_work/jenkins-k8s-operator/jenkins-k8s-operator/.tox/integration/lib/python3.12/site-packages/pluggy/_result.py\", line 103, in get_result\n    raise exc.with_traceback(tb)\n  File \"/home/ubuntu/actions-runner/_work/jenkins-k8s-operator/jenkins-k8s-operator/.tox/integration/lib/python3.12/site-packages/pluggy/_callers.py\", line 38, in run_old_style_hookwrapper\n    res = yield\n          ^^^^^\n  File \"/home/ubuntu/actions-runner/_work/jenkins-k8s-operator/jenkins-k8s-operator/.tox/integration/lib/python3.12/site-packages/pluggy/_callers.py\", line 139, in _multicall\n    teardown.throw(exception)\n  File \"/home/ubuntu/actions-runner/_work/jenkins-k8s-operator/jenkins-k8s-operator/.tox/integration/lib/python3.12/site-packages/pluggy/_callers.py\", line 53, in run_old_style_hookwrapper\n    return result.get_result()\n           ^^^^^^^^^^^^^^^^^^^\n  File \"/home/ubuntu/actions-runner/_work/jenkins-k8s-operator/jenkins-k8s-operator/.tox/integration/lib/python3.12/site-packages/pluggy/_result.py\", line 103, in get_result\n    raise exc.with_traceback(tb)\n  File \"/home/ubuntu/actions-runner/_work/jenkins-k8s-operator/jenkins-k8s-operator/.tox/integration/lib/python3.12/site-packages/pluggy/_callers.py\", line 38, in run_old_style_hookwrapper\n    res = yield\n          ^^^^^\n  File \"/home/ubuntu/actions-runner/_work/jenkins-k8s-operator/jenkins-k8s-operator/.tox/integration/lib/python3.12/site-packages/pluggy/_callers.py\", line 139, in _multicall\n    teardown.throw(exception)\n  File \"/home/ubuntu/actions-runner/_work/jenkins-k8s-operator/jenkins-k8s-operator/.tox/integration/lib/python3.12/site-packages/_pytest/setuponly.py\", line 36, in pytest_fixture_setup\n    return (yield)\n            ^^^^^\n  File \"/home/ubuntu/actions-runner/_work/jenkins-k8s-operator/jenkins-k8s-operator/.tox/integration/lib/python3.12/site-packages/pluggy/_callers.py\", line 121, in _multicall\n    res = hook_impl.function(*args)\n          ^^^^^^^^^^^^^^^^^^^^^^^^^\n  File \"/home/ubuntu/actions-runner/_work/jenkins-k8s-operator/jenkins-k8s-operator/.tox/integration/lib/python3.12/site-packages/_pytest/fixtures.py\", line 1196, in pytest_fixture_setup\n    result = call_fixture_func(fixturefunc, request, kwargs)\n             ^^^^^^^^^^^^^^^^^^^^^^^^^^^^^^^^^^^^^^^^^^^^^^^\n  File \"/home/ubuntu/actions-runner/_work/jenkins-k8s-operator/jenkins-k8s-operator/.tox/integration/lib/python3.12/site-packages/_pytest/fixtures.py\", line 930, in call_fixture_func\n    fixture_result = fixturefunc(**kwargs)\n                     ^^^^^^^^^^^^^^^^^^^^^\n  File \"/home/ubuntu/actions-runner/_work/jenkins-k8s-operator/jenkins-k8s-operator/.tox/integration/lib/python3.12/site-packages/pytest_asyncio/plugin.py\", line 302, in _asyncgen_fixture_wrapper\n    result = event_loop.run_until_complete(setup())\n             ^^^^^^^^^^^^^^^^^^^^^^^^^^^^^^^^^^^^^^\n  File \"/usr/lib/python3.12/asyncio/base_events.py\", line 687, in run_until_complete\n    return future.result()\n           ^^^^^^^^^^^^^^^\n  File \"/home/ubuntu/actions-runner/_work/jenkins-k8s-operator/jenkins-k8s-operator/.tox/integration/lib/python3.12/site-packages/pytest_asyncio/plugin.py\", line 284, in setup\n    res = await gen_obj.__anext__()\n          ^^^^^^^^^^^^^^^^^^^^^^^^^\n  File \"/home/ubuntu/actions-runner/_work/jenkins-k8s-operator/jenkins-k8s-operator/tests/integration/conftest.py\", line 97, in application_fixture\n    await model.wait_for_idle(\n  File \"/home/ubuntu/actions-runner/_work/jenkins-k8s-operator/jenkins-k8s-operator/.tox/integration/lib/python3.12/site-packages/juju/model/__init__.py\", line 3250, in wait_for_idle\n    raise asyncio.TimeoutError(\n","steps":[],"attachments":[],"parameters":[],"shouldDisplayMessage":true,"stepsCount":0,"attachmentsCount":0,"hasContent":true,"attachmentStep":false},{"name":"charm","time":{"start":1769873205316,"stop":1769873205316,"duration":0},"status":"passed","steps":[],"attachments":[],"parameters":[],"shouldDisplayMessage":false,"stepsCount":0,"attachmentsCount":0,"hasContent":false,"attachmentStep":false},{"name":"jenkins_k8s_agents","time":{"start":1769874407096,"stop":1769874437623,"duration":30527},"status":"passed","steps":[],"attachments":[],"parameters":[],"shouldDisplayMessage":false,"stepsCount":0,"attachmentsCount":0,"hasContent":false,"attachmentStep":false}],"testStage":{"description":"\n    arrange: given a Jenkins charm with rebuilder plugin installed.\n    act: when a job is built and a rebuild is triggered.\n    assert: last job is rebuilt.\n    ","status":"broken","statusMessage":"TimeoutError: Timed out waiting for model:\n  jenkins-k8s/0 [idle] error: hook failed: \"update-status\"","statusTrace":"Traceback (most recent call last):\n  File \"/home/ubuntu/actions-runner/_work/jenkins-k8s-operator/jenkins-k8s-operator/.tox/integration/lib/python3.12/site-packages/_pytest/runner.py\", line 344, in from_call\n    result: TResult | None = func()\n                             ^^^^^^\n  File \"/home/ubuntu/actions-runner/_work/jenkins-k8s-operator/jenkins-k8s-operator/.tox/integration/lib/python3.12/site-packages/_pytest/runner.py\", line 246, in <lambda>\n    lambda: runtest_hook(item=item, **kwds), when=when, reraise=reraise\n            ^^^^^^^^^^^^^^^^^^^^^^^^^^^^^^^\n  File \"/home/ubuntu/actions-runner/_work/jenkins-k8s-operator/jenkins-k8s-operator/.tox/integration/lib/python3.12/site-packages/pluggy/_hooks.py\", line 512, in __call__\n    return self._hookexec(self.name, self._hookimpls.copy(), kwargs, firstresult)\n           ^^^^^^^^^^^^^^^^^^^^^^^^^^^^^^^^^^^^^^^^^^^^^^^^^^^^^^^^^^^^^^^^^^^^^^\n  File \"/home/ubuntu/actions-runner/_work/jenkins-k8s-operator/jenkins-k8s-operator/.tox/integration/lib/python3.12/site-packages/pluggy/_manager.py\", line 120, in _hookexec\n    return self._inner_hookexec(hook_name, methods, kwargs, firstresult)\n           ^^^^^^^^^^^^^^^^^^^^^^^^^^^^^^^^^^^^^^^^^^^^^^^^^^^^^^^^^^^^^\n  File \"/home/ubuntu/actions-runner/_work/jenkins-k8s-operator/jenkins-k8s-operator/.tox/integration/lib/python3.12/site-packages/pluggy/_callers.py\", line 167, in _multicall\n    raise exception\n  File \"/home/ubuntu/actions-runner/_work/jenkins-k8s-operator/jenkins-k8s-operator/.tox/integration/lib/python3.12/site-packages/pluggy/_callers.py\", line 139, in _multicall\n    teardown.throw(exception)\n  File \"/home/ubuntu/actions-runner/_work/jenkins-k8s-operator/jenkins-k8s-operator/.tox/integration/lib/python3.12/site-packages/_pytest/logging.py\", line 843, in pytest_runtest_setup\n    yield\n  File \"/home/ubuntu/actions-runner/_work/jenkins-k8s-operator/jenkins-k8s-operator/.tox/integration/lib/python3.12/site-packages/pluggy/_callers.py\", line 139, in _multicall\n    teardown.throw(exception)\n  File \"/home/ubuntu/actions-runner/_work/jenkins-k8s-operator/jenkins-k8s-operator/.tox/integration/lib/python3.12/site-packages/pluggy/_callers.py\", line 53, in run_old_style_hookwrapper\n    return result.get_result()\n           ^^^^^^^^^^^^^^^^^^^\n  File \"/home/ubuntu/actions-runner/_work/jenkins-k8s-operator/jenkins-k8s-operator/.tox/integration/lib/python3.12/site-packages/pluggy/_result.py\", line 103, in get_result\n    raise exc.with_traceback(tb)\n  File \"/home/ubuntu/actions-runner/_work/jenkins-k8s-operator/jenkins-k8s-operator/.tox/integration/lib/python3.12/site-packages/pluggy/_callers.py\", line 38, in run_old_style_hookwrapper\n    res = yield\n          ^^^^^\n  File \"/home/ubuntu/actions-runner/_work/jenkins-k8s-operator/jenkins-k8s-operator/.tox/integration/lib/python3.12/site-packages/pluggy/_callers.py\", line 139, in _multicall\n    teardown.throw(exception)\n  File \"/home/ubuntu/actions-runner/_work/jenkins-k8s-operator/jenkins-k8s-operator/.tox/integration/lib/python3.12/site-packages/_pytest/capture.py\", line 895, in pytest_runtest_setup\n    return (yield)\n            ^^^^^\n  File \"/home/ubuntu/actions-runner/_work/jenkins-k8s-operator/jenkins-k8s-operator/.tox/integration/lib/python3.12/site-packages/pluggy/_callers.py\", line 121, in _multicall\n    res = hook_impl.function(*args)\n          ^^^^^^^^^^^^^^^^^^^^^^^^^\n  File \"/home/ubuntu/actions-runner/_work/jenkins-k8s-operator/jenkins-k8s-operator/.tox/integration/lib/python3.12/site-packages/_pytest/runner.py\", line 164, in pytest_runtest_setup\n    item.session._setupstate.setup(item)\n  File \"/home/ubuntu/actions-runner/_work/jenkins-k8s-operator/jenkins-k8s-operator/.tox/integration/lib/python3.12/site-packages/_pytest/runner.py\", line 514, in setup\n    col.setup()\n  File \"/home/ubuntu/actions-runner/_work/jenkins-k8s-operator/jenkins-k8s-operator/.tox/integration/lib/python3.12/site-packages/_pytest/python.py\", line 1674, in setup\n    self._request._fillfixtures()\n  File \"/home/ubuntu/actions-runner/_work/jenkins-k8s-operator/jenkins-k8s-operator/.tox/integration/lib/python3.12/site-packages/_pytest/fixtures.py\", line 720, in _fillfixtures\n    item.funcargs[argname] = self.getfixturevalue(argname)\n                             ^^^^^^^^^^^^^^^^^^^^^^^^^^^^^\n  File \"/home/ubuntu/actions-runner/_work/jenkins-k8s-operator/jenkins-k8s-operator/.tox/integration/lib/python3.12/site-packages/_pytest/fixtures.py\", line 549, in getfixturevalue\n    fixturedef = self._get_active_fixturedef(argname)\n                 ^^^^^^^^^^^^^^^^^^^^^^^^^^^^^^^^^^^^\n  File \"/home/ubuntu/actions-runner/_work/jenkins-k8s-operator/jenkins-k8s-operator/.tox/integration/lib/python3.12/site-packages/_pytest/fixtures.py\", line 640, in _get_active_fixturedef\n    fixturedef.execute(request=subrequest)\n  File \"/home/ubuntu/actions-runner/_work/jenkins-k8s-operator/jenkins-k8s-operator/.tox/integration/lib/python3.12/site-packages/_pytest/fixtures.py\", line 1084, in execute\n    fixturedef = request._get_active_fixturedef(argname)\n                 ^^^^^^^^^^^^^^^^^^^^^^^^^^^^^^^^^^^^^^^\n  File \"/home/ubuntu/actions-runner/_work/jenkins-k8s-operator/jenkins-k8s-operator/.tox/integration/lib/python3.12/site-packages/_pytest/fixtures.py\", line 640, in _get_active_fixturedef\n    fixturedef.execute(request=subrequest)\n  File \"/home/ubuntu/actions-runner/_work/jenkins-k8s-operator/jenkins-k8s-operator/.tox/integration/lib/python3.12/site-packages/_pytest/fixtures.py\", line 1108, in execute\n    raise exc.with_traceback(exc_tb)\n  File \"/home/ubuntu/actions-runner/_work/jenkins-k8s-operator/jenkins-k8s-operator/.tox/integration/lib/python3.12/site-packages/_pytest/fixtures.py\", line 1196, in pytest_fixture_setup\n    result = call_fixture_func(fixturefunc, request, kwargs)\n             ^^^^^^^^^^^^^^^^^^^^^^^^^^^^^^^^^^^^^^^^^^^^^^^\n  File \"/home/ubuntu/actions-runner/_work/jenkins-k8s-operator/jenkins-k8s-operator/.tox/integration/lib/python3.12/site-packages/_pytest/fixtures.py\", line 930, in call_fixture_func\n    fixture_result = fixturefunc(**kwargs)\n                     ^^^^^^^^^^^^^^^^^^^^^\n  File \"/home/ubuntu/actions-runner/_work/jenkins-k8s-operator/jenkins-k8s-operator/.tox/integration/lib/python3.12/site-packages/pytest_asyncio/plugin.py\", line 302, in _asyncgen_fixture_wrapper\n    result = event_loop.run_until_complete(setup())\n             ^^^^^^^^^^^^^^^^^^^^^^^^^^^^^^^^^^^^^^\n  File \"/usr/lib/python3.12/asyncio/base_events.py\", line 687, in run_until_complete\n    return future.result()\n           ^^^^^^^^^^^^^^^\n  File \"/home/ubuntu/actions-runner/_work/jenkins-k8s-operator/jenkins-k8s-operator/.tox/integration/lib/python3.12/site-packages/pytest_asyncio/plugin.py\", line 284, in setup\n    res = await gen_obj.__anext__()\n          ^^^^^^^^^^^^^^^^^^^^^^^^^\n  File \"/home/ubuntu/actions-runner/_work/jenkins-k8s-operator/jenkins-k8s-operator/tests/integration/conftest.py\", line 97, in application_fixture\n    await model.wait_for_idle(\n  File \"/home/ubuntu/actions-runner/_work/jenkins-k8s-operator/jenkins-k8s-operator/.tox/integration/lib/python3.12/site-packages/juju/model/__init__.py\", line 3250, in wait_for_idle\n    raise asyncio.TimeoutError(\nTimeoutError: Timed out waiting for model:\n  jenkins-k8s/0 [idle] error: hook failed: \"update-status\"","steps":[],"attachments":[{"uid":"152d6cb7e7fb4661","name":"log","source":"152d6cb7e7fb4661.txt","type":"text/plain","size":217}],"parameters":[],"shouldDisplayMessage":true,"stepsCount":0,"attachmentsCount":1,"hasContent":true,"attachmentStep":false},"afterStages":[{"name":"ops_test::finalizer","time":{"start":1769874469207,"stop":1769874469569,"duration":362},"status":"passed","steps":[],"attachments":[],"parameters":[],"shouldDisplayMessage":false,"stepsCount":0,"attachmentsCount":0,"hasContent":false,"attachmentStep":false},{"name":"event_loop::2","time":{"start":1769874469569,"stop":1769874469570,"duration":1},"status":"passed","steps":[],"attachments":[],"parameters":[],"shouldDisplayMessage":false,"stepsCount":0,"attachmentsCount":0,"hasContent":false,"attachmentStep":false},{"name":"event_loop::_close_event_loop","time":{"start":1769874469570,"stop":1769874469570,"duration":0},"status":"passed","steps":[],"attachments":[],"parameters":[],"shouldDisplayMessage":false,"stepsCount":0,"attachmentsCount":0,"hasContent":false,"attachmentStep":false},{"name":"event_loop::_provide_clean_event_loop","time":{"start":1769874469570,"stop":1769874469570,"duration":0},"status":"passed","steps":[],"attachments":[],"parameters":[],"shouldDisplayMessage":false,"stepsCount":0,"attachmentsCount":0,"hasContent":false,"attachmentStep":false}],"labels":[{"name":"tag","value":"asyncio"},{"name":"parentSuite","value":"tests.integration"},{"name":"suite","value":"test_plugins_part_2"},{"name":"host","value":"github-runner"},{"name":"thread","value":"42552-MainThread"},{"name":"framework","value":"pytest"},{"name":"language","value":"cpython3"},{"name":"package","value":"tests.integration.test_plugins_part_2"},{"name":"resultFormat","value":"allure2"}],"parameters":[],"links":[],"hidden":false,"retry":false,"extra":{"severity":"normal","retries":[{"uid":"c208906bfc3dd754","status":"unknown","time":{}}],"categories":[{"name":"Test defects","matchedStatuses":[]}],"history":{"statistic":{"failed":0,"broken":1,"skipped":0,"passed":14,"unknown":2,"total":17},"items":[{"uid":"509ddade9338e8fb","reportUrl":"../1796//#testresult/509ddade9338e8fb","status":"passed","time":{"start":1769268056455,"stop":1769268092847,"duration":36392}},{"uid":"dd2b75b9cc90aceb","reportUrl":"../1721//#testresult/dd2b75b9cc90aceb","status":"passed","time":{"start":1768663772061,"stop":1768663808423,"duration":36362}},{"uid":"c75e06d845e0f017","reportUrl":"../1713//#testresult/c75e06d845e0f017","status":"passed","time":{"start":1768058922733,"stop":1768058959081,"duration":36348}},{"uid":"909166918fa83b82","reportUrl":"../1701//#testresult/909166918fa83b82","status":"passed","time":{"start":1767454376637,"stop":1767454413098,"duration":36461}},{"uid":"6bfbe49aa4e466bf","reportUrl":"../1694//#testresult/6bfbe49aa4e466bf","status":"passed","time":{"start":1766849336165,"stop":1766849372536,"duration":36371}},{"uid":"f3c0a606e06cc99f","reportUrl":"../1687//#testresult/f3c0a606e06cc99f","status":"passed","time":{"start":1766244557387,"stop":1766244593853,"duration":36466}},{"uid":"ee7d73dcbbd9e21c","reportUrl":"../1663//#testresult/ee7d73dcbbd9e21c","status":"passed","time":{"start":1765034929946,"stop":1765034966378,"duration":36432}},{"uid":"7e50415cf8f2db57","reportUrl":"../1658//#testresult/7e50415cf8f2db57","status":"passed","time":{"start":1764430768754,"stop":1764430805143,"duration":36389}},{"uid":"f9723904cb4b0055","reportUrl":"../1646//#testresult/f9723904cb4b0055","status":"unknown","time":{}},{"uid":"58a2955719ea4956","reportUrl":"../1645//#testresult/58a2955719ea4956","status":"passed","time":{"start":1762982317754,"stop":1762982354128,"duration":36374}},{"uid":"c8924c3f89d800b","reportUrl":"../1644//#testresult/c8924c3f89d800b","status":"passed","time":{"start":1762940232918,"stop":1762940269185,"duration":36267}},{"uid":"2ebf48662a66f36d","reportUrl":"../1643//#testresult/2ebf48662a66f36d","status":"passed","time":{"start":1762880244685,"stop":1762880281061,"duration":36376}},{"uid":"45fd246e6d29cc2f","reportUrl":"../1638//#testresult/45fd246e6d29cc2f","status":"passed","time":{"start":1761982986847,"stop":1761983023259,"duration":36412}},{"uid":"8b68057b4128d4ea","reportUrl":"../1637//#testresult/8b68057b4128d4ea","status":"passed","time":{"start":1761821250405,"stop":1761821286703,"duration":36298}},{"uid":"d2dc9e64c1e22a26","reportUrl":"../1636//#testresult/d2dc9e64c1e22a26","status":"unknown","time":{}},{"uid":"8061aa1297df4b39","reportUrl":"../1634//#testresult/8061aa1297df4b39","status":"passed","time":{"start":1761649747678,"stop":1761649784070,"duration":36392}}]},"tags":["asyncio"]},"source":"a45ab95705cb59bd.json","parameterValues":[]}