{"uid":"ce0316acf06f1633","name":"test_pipeline_model_definition_plugin","fullName":"tests.integration.test_plugins_part_2#test_pipeline_model_definition_plugin","historyId":"0e3d272442f5ab311f0d2d82528c1d36","time":{"start":1769874469204,"stop":1769874469204,"duration":0},"description":"\n    arrange: given a Jenkins charm with declarative pipeline plugin installed.\n    act: Run a job using a declarative pipeline script.\n    assert: Job succeeds.\n    ","descriptionHtml":"<pre><code>arrange: given a Jenkins charm with declarative pipeline plugin installed.\nact: Run a job using a declarative pipeline script.\nassert: Job succeeds.\n</code></pre>\n","status":"broken","statusMessage":"TimeoutError: Timed out waiting for model:\n  jenkins-k8s/0 [idle] error: hook failed: \"update-status\"","statusTrace":"Traceback (most recent call last):\n  File \"/home/ubuntu/actions-runner/_work/jenkins-k8s-operator/jenkins-k8s-operator/.tox/integration/lib/python3.12/site-packages/_pytest/runner.py\", line 344, in from_call\n    result: TResult | None = func()\n                             ^^^^^^\n  File \"/home/ubuntu/actions-runner/_work/jenkins-k8s-operator/jenkins-k8s-operator/.tox/integration/lib/python3.12/site-packages/_pytest/runner.py\", line 246, in <lambda>\n    lambda: runtest_hook(item=item, **kwds), when=when, reraise=reraise\n            ^^^^^^^^^^^^^^^^^^^^^^^^^^^^^^^\n  File \"/home/ubuntu/actions-runner/_work/jenkins-k8s-operator/jenkins-k8s-operator/.tox/integration/lib/python3.12/site-packages/pluggy/_hooks.py\", line 512, in __call__\n    return self._hookexec(self.name, self._hookimpls.copy(), kwargs, firstresult)\n           ^^^^^^^^^^^^^^^^^^^^^^^^^^^^^^^^^^^^^^^^^^^^^^^^^^^^^^^^^^^^^^^^^^^^^^\n  File \"/home/ubuntu/actions-runner/_work/jenkins-k8s-operator/jenkins-k8s-operator/.tox/integration/lib/python3.12/site-packages/pluggy/_manager.py\", line 120, in _hookexec\n    return self._inner_hookexec(hook_name, methods, kwargs, firstresult)\n           ^^^^^^^^^^^^^^^^^^^^^^^^^^^^^^^^^^^^^^^^^^^^^^^^^^^^^^^^^^^^^\n  File \"/home/ubuntu/actions-runner/_work/jenkins-k8s-operator/jenkins-k8s-operator/.tox/integration/lib/python3.12/site-packages/pluggy/_callers.py\", line 167, in _multicall\n    raise exception\n  File \"/home/ubuntu/actions-runner/_work/jenkins-k8s-operator/jenkins-k8s-operator/.tox/integration/lib/python3.12/site-packages/pluggy/_callers.py\", line 139, in _multicall\n    teardown.throw(exception)\n  File \"/home/ubuntu/actions-runner/_work/jenkins-k8s-operator/jenkins-k8s-operator/.tox/integration/lib/python3.12/site-packages/_pytest/logging.py\", line 843, in pytest_runtest_setup\n    yield\n  File \"/home/ubuntu/actions-runner/_work/jenkins-k8s-operator/jenkins-k8s-operator/.tox/integration/lib/python3.12/site-packages/pluggy/_callers.py\", line 139, in _multicall\n    teardown.throw(exception)\n  File \"/home/ubuntu/actions-runner/_work/jenkins-k8s-operator/jenkins-k8s-operator/.tox/integration/lib/python3.12/site-packages/pluggy/_callers.py\", line 53, in run_old_style_hookwrapper\n    return result.get_result()\n           ^^^^^^^^^^^^^^^^^^^\n  File \"/home/ubuntu/actions-runner/_work/jenkins-k8s-operator/jenkins-k8s-operator/.tox/integration/lib/python3.12/site-packages/pluggy/_result.py\", line 103, in get_result\n    raise exc.with_traceback(tb)\n  File \"/home/ubuntu/actions-runner/_work/jenkins-k8s-operator/jenkins-k8s-operator/.tox/integration/lib/python3.12/site-packages/pluggy/_callers.py\", line 38, in run_old_style_hookwrapper\n    res = yield\n          ^^^^^\n  File \"/home/ubuntu/actions-runner/_work/jenkins-k8s-operator/jenkins-k8s-operator/.tox/integration/lib/python3.12/site-packages/pluggy/_callers.py\", line 139, in _multicall\n    teardown.throw(exception)\n  File \"/home/ubuntu/actions-runner/_work/jenkins-k8s-operator/jenkins-k8s-operator/.tox/integration/lib/python3.12/site-packages/_pytest/capture.py\", line 895, in pytest_runtest_setup\n    return (yield)\n            ^^^^^\n  File \"/home/ubuntu/actions-runner/_work/jenkins-k8s-operator/jenkins-k8s-operator/.tox/integration/lib/python3.12/site-packages/pluggy/_callers.py\", line 121, in _multicall\n    res = hook_impl.function(*args)\n          ^^^^^^^^^^^^^^^^^^^^^^^^^\n  File \"/home/ubuntu/actions-runner/_work/jenkins-k8s-operator/jenkins-k8s-operator/.tox/integration/lib/python3.12/site-packages/_pytest/runner.py\", line 164, in pytest_runtest_setup\n    item.session._setupstate.setup(item)\n  File \"/home/ubuntu/actions-runner/_work/jenkins-k8s-operator/jenkins-k8s-operator/.tox/integration/lib/python3.12/site-packages/_pytest/runner.py\", line 514, in setup\n    col.setup()\n  File \"/home/ubuntu/actions-runner/_work/jenkins-k8s-operator/jenkins-k8s-operator/.tox/integration/lib/python3.12/site-packages/_pytest/python.py\", line 1674, in setup\n    self._request._fillfixtures()\n  File \"/home/ubuntu/actions-runner/_work/jenkins-k8s-operator/jenkins-k8s-operator/.tox/integration/lib/python3.12/site-packages/_pytest/fixtures.py\", line 720, in _fillfixtures\n    item.funcargs[argname] = self.getfixturevalue(argname)\n                             ^^^^^^^^^^^^^^^^^^^^^^^^^^^^^\n  File \"/home/ubuntu/actions-runner/_work/jenkins-k8s-operator/jenkins-k8s-operator/.tox/integration/lib/python3.12/site-packages/_pytest/fixtures.py\", line 549, in getfixturevalue\n    fixturedef = self._get_active_fixturedef(argname)\n                 ^^^^^^^^^^^^^^^^^^^^^^^^^^^^^^^^^^^^\n  File \"/home/ubuntu/actions-runner/_work/jenkins-k8s-operator/jenkins-k8s-operator/.tox/integration/lib/python3.12/site-packages/_pytest/fixtures.py\", line 640, in _get_active_fixturedef\n    fixturedef.execute(request=subrequest)\n  File \"/home/ubuntu/actions-runner/_work/jenkins-k8s-operator/jenkins-k8s-operator/.tox/integration/lib/python3.12/site-packages/_pytest/fixtures.py\", line 1084, in execute\n    fixturedef = request._get_active_fixturedef(argname)\n                 ^^^^^^^^^^^^^^^^^^^^^^^^^^^^^^^^^^^^^^^\n  File \"/home/ubuntu/actions-runner/_work/jenkins-k8s-operator/jenkins-k8s-operator/.tox/integration/lib/python3.12/site-packages/_pytest/fixtures.py\", line 640, in _get_active_fixturedef\n    fixturedef.execute(request=subrequest)\n  File \"/home/ubuntu/actions-runner/_work/jenkins-k8s-operator/jenkins-k8s-operator/.tox/integration/lib/python3.12/site-packages/_pytest/fixtures.py\", line 1108, in execute\n    raise exc.with_traceback(exc_tb)\n  File \"/home/ubuntu/actions-runner/_work/jenkins-k8s-operator/jenkins-k8s-operator/.tox/integration/lib/python3.12/site-packages/_pytest/fixtures.py\", line 1196, in pytest_fixture_setup\n    result = call_fixture_func(fixturefunc, request, kwargs)\n             ^^^^^^^^^^^^^^^^^^^^^^^^^^^^^^^^^^^^^^^^^^^^^^^\n  File \"/home/ubuntu/actions-runner/_work/jenkins-k8s-operator/jenkins-k8s-operator/.tox/integration/lib/python3.12/site-packages/_pytest/fixtures.py\", line 930, in call_fixture_func\n    fixture_result = fixturefunc(**kwargs)\n                     ^^^^^^^^^^^^^^^^^^^^^\n  File \"/home/ubuntu/actions-runner/_work/jenkins-k8s-operator/jenkins-k8s-operator/.tox/integration/lib/python3.12/site-packages/pytest_asyncio/plugin.py\", line 302, in _asyncgen_fixture_wrapper\n    result = event_loop.run_until_complete(setup())\n             ^^^^^^^^^^^^^^^^^^^^^^^^^^^^^^^^^^^^^^\n  File \"/usr/lib/python3.12/asyncio/base_events.py\", line 687, in run_until_complete\n    return future.result()\n           ^^^^^^^^^^^^^^^\n  File \"/home/ubuntu/actions-runner/_work/jenkins-k8s-operator/jenkins-k8s-operator/.tox/integration/lib/python3.12/site-packages/pytest_asyncio/plugin.py\", line 284, in setup\n    res = await gen_obj.__anext__()\n          ^^^^^^^^^^^^^^^^^^^^^^^^^\n  File \"/home/ubuntu/actions-runner/_work/jenkins-k8s-operator/jenkins-k8s-operator/tests/integration/conftest.py\", line 97, in application_fixture\n    await model.wait_for_idle(\n  File \"/home/ubuntu/actions-runner/_work/jenkins-k8s-operator/jenkins-k8s-operator/.tox/integration/lib/python3.12/site-packages/juju/model/__init__.py\", line 3250, in wait_for_idle\n    raise asyncio.TimeoutError(\nTimeoutError: Timed out waiting for model:\n  jenkins-k8s/0 [idle] error: hook failed: \"update-status\"","flaky":false,"newFailed":false,"newBroken":true,"newPassed":false,"retriesCount":1,"retriesStatusChange":true,"beforeStages":[{"name":"ops_test","time":{"start":1769873205101,"stop":1769873205316,"duration":215},"status":"passed","steps":[],"attachments":[],"parameters":[],"shouldDisplayMessage":false,"stepsCount":0,"attachmentsCount":0,"hasContent":false,"attachmentStep":false},{"name":"event_loop","time":{"start":1769873205101,"stop":1769873205101,"duration":0},"status":"passed","steps":[],"attachments":[],"parameters":[],"shouldDisplayMessage":false,"stepsCount":0,"attachmentsCount":0,"hasContent":false,"attachmentStep":false},{"name":"delete_output_dir","time":{"start":1769873205101,"stop":1769873205101,"duration":0},"status":"passed","steps":[],"attachments":[],"parameters":[],"shouldDisplayMessage":false,"stepsCount":0,"attachmentsCount":0,"hasContent":false,"attachmentStep":false},{"name":"tmp_path_factory","time":{"start":1769873205101,"stop":1769873205101,"duration":0},"status":"passed","steps":[],"attachments":[],"parameters":[],"shouldDisplayMessage":false,"stepsCount":0,"attachmentsCount":0,"hasContent":false,"attachmentStep":false},{"name":"pytestconfig","time":{"start":1769873205101,"stop":1769873205101,"duration":0},"status":"passed","steps":[],"attachments":[],"parameters":[],"shouldDisplayMessage":false,"stepsCount":0,"attachmentsCount":0,"hasContent":false,"attachmentStep":false},{"name":"base_url","time":{"start":1769873205101,"stop":1769873205101,"duration":0},"status":"passed","steps":[],"attachments":[],"parameters":[],"shouldDisplayMessage":false,"stepsCount":0,"attachmentsCount":0,"hasContent":false,"attachmentStep":false},{"name":"_verify_url","time":{"start":1769873205101,"stop":1769873205101,"duration":0},"status":"passed","steps":[],"attachments":[],"parameters":[],"shouldDisplayMessage":false,"stepsCount":0,"attachmentsCount":0,"hasContent":false,"attachmentStep":false},{"name":"model","time":{"start":1769873205316,"stop":1769873205316,"duration":0},"status":"passed","steps":[],"attachments":[],"parameters":[],"shouldDisplayMessage":false,"stepsCount":0,"attachmentsCount":0,"hasContent":false,"attachmentStep":false},{"name":"jenkins_image","time":{"start":1769873205316,"stop":1769873205316,"duration":0},"status":"passed","steps":[],"attachments":[],"parameters":[],"shouldDisplayMessage":false,"stepsCount":0,"attachmentsCount":0,"hasContent":false,"attachmentStep":false},{"name":"application","time":{"start":1769873205316,"stop":1769874407084,"duration":1201768},"status":"broken","statusMessage":"TimeoutError: Timed out waiting for model:\n  jenkins-k8s/0 [idle] error: hook failed: \"update-status\"\n","statusTrace":"  File \"/home/ubuntu/actions-runner/_work/jenkins-k8s-operator/jenkins-k8s-operator/.tox/integration/lib/python3.12/site-packages/pluggy/_callers.py\", line 38, in run_old_style_hookwrapper\n    res = yield\n          ^^^^^\n  File \"/home/ubuntu/actions-runner/_work/jenkins-k8s-operator/jenkins-k8s-operator/.tox/integration/lib/python3.12/site-packages/pluggy/_callers.py\", line 139, in _multicall\n    teardown.throw(exception)\n  File \"/home/ubuntu/actions-runner/_work/jenkins-k8s-operator/jenkins-k8s-operator/.tox/integration/lib/python3.12/site-packages/pluggy/_callers.py\", line 53, in run_old_style_hookwrapper\n    return result.get_result()\n           ^^^^^^^^^^^^^^^^^^^\n  File \"/home/ubuntu/actions-runner/_work/jenkins-k8s-operator/jenkins-k8s-operator/.tox/integration/lib/python3.12/site-packages/pluggy/_result.py\", line 103, in get_result\n    raise exc.with_traceback(tb)\n  File \"/home/ubuntu/actions-runner/_work/jenkins-k8s-operator/jenkins-k8s-operator/.tox/integration/lib/python3.12/site-packages/pluggy/_callers.py\", line 38, in run_old_style_hookwrapper\n    res = yield\n          ^^^^^\n  File \"/home/ubuntu/actions-runner/_work/jenkins-k8s-operator/jenkins-k8s-operator/.tox/integration/lib/python3.12/site-packages/pluggy/_callers.py\", line 139, in _multicall\n    teardown.throw(exception)\n  File \"/home/ubuntu/actions-runner/_work/jenkins-k8s-operator/jenkins-k8s-operator/.tox/integration/lib/python3.12/site-packages/pluggy/_callers.py\", line 53, in run_old_style_hookwrapper\n    return result.get_result()\n           ^^^^^^^^^^^^^^^^^^^\n  File \"/home/ubuntu/actions-runner/_work/jenkins-k8s-operator/jenkins-k8s-operator/.tox/integration/lib/python3.12/site-packages/pluggy/_result.py\", line 103, in get_result\n    raise exc.with_traceback(tb)\n  File \"/home/ubuntu/actions-runner/_work/jenkins-k8s-operator/jenkins-k8s-operator/.tox/integration/lib/python3.12/site-packages/pluggy/_callers.py\", line 38, in run_old_style_hookwrapper\n    res = yield\n          ^^^^^\n  File \"/home/ubuntu/actions-runner/_work/jenkins-k8s-operator/jenkins-k8s-operator/.tox/integration/lib/python3.12/site-packages/pluggy/_callers.py\", line 139, in _multicall\n    teardown.throw(exception)\n  File \"/home/ubuntu/actions-runner/_work/jenkins-k8s-operator/jenkins-k8s-operator/.tox/integration/lib/python3.12/site-packages/_pytest/setuponly.py\", line 36, in pytest_fixture_setup\n    return (yield)\n            ^^^^^\n  File \"/home/ubuntu/actions-runner/_work/jenkins-k8s-operator/jenkins-k8s-operator/.tox/integration/lib/python3.12/site-packages/pluggy/_callers.py\", line 121, in _multicall\n    res = hook_impl.function(*args)\n          ^^^^^^^^^^^^^^^^^^^^^^^^^\n  File \"/home/ubuntu/actions-runner/_work/jenkins-k8s-operator/jenkins-k8s-operator/.tox/integration/lib/python3.12/site-packages/_pytest/fixtures.py\", line 1196, in pytest_fixture_setup\n    result = call_fixture_func(fixturefunc, request, kwargs)\n             ^^^^^^^^^^^^^^^^^^^^^^^^^^^^^^^^^^^^^^^^^^^^^^^\n  File \"/home/ubuntu/actions-runner/_work/jenkins-k8s-operator/jenkins-k8s-operator/.tox/integration/lib/python3.12/site-packages/_pytest/fixtures.py\", line 930, in call_fixture_func\n    fixture_result = fixturefunc(**kwargs)\n                     ^^^^^^^^^^^^^^^^^^^^^\n  File \"/home/ubuntu/actions-runner/_work/jenkins-k8s-operator/jenkins-k8s-operator/.tox/integration/lib/python3.12/site-packages/pytest_asyncio/plugin.py\", line 302, in _asyncgen_fixture_wrapper\n    result = event_loop.run_until_complete(setup())\n             ^^^^^^^^^^^^^^^^^^^^^^^^^^^^^^^^^^^^^^\n  File \"/usr/lib/python3.12/asyncio/base_events.py\", line 687, in run_until_complete\n    return future.result()\n           ^^^^^^^^^^^^^^^\n  File \"/home/ubuntu/actions-runner/_work/jenkins-k8s-operator/jenkins-k8s-operator/.tox/integration/lib/python3.12/site-packages/pytest_asyncio/plugin.py\", line 284, in setup\n    res = await gen_obj.__anext__()\n          ^^^^^^^^^^^^^^^^^^^^^^^^^\n  File \"/home/ubuntu/actions-runner/_work/jenkins-k8s-operator/jenkins-k8s-operator/tests/integration/conftest.py\", line 97, in application_fixture\n    await model.wait_for_idle(\n  File \"/home/ubuntu/actions-runner/_work/jenkins-k8s-operator/jenkins-k8s-operator/.tox/integration/lib/python3.12/site-packages/juju/model/__init__.py\", line 3250, in wait_for_idle\n    raise asyncio.TimeoutError(\n","steps":[],"attachments":[],"parameters":[],"shouldDisplayMessage":true,"stepsCount":0,"attachmentsCount":0,"hasContent":true,"attachmentStep":false},{"name":"charm","time":{"start":1769873205316,"stop":1769873205316,"duration":0},"status":"passed","steps":[],"attachments":[],"parameters":[],"shouldDisplayMessage":false,"stepsCount":0,"attachmentsCount":0,"hasContent":false,"attachmentStep":false},{"name":"jenkins_k8s_agents","time":{"start":1769874407096,"stop":1769874437623,"duration":30527},"status":"passed","steps":[],"attachments":[],"parameters":[],"shouldDisplayMessage":false,"stepsCount":0,"attachmentsCount":0,"hasContent":false,"attachmentStep":false}],"testStage":{"description":"\n    arrange: given a Jenkins charm with declarative pipeline plugin installed.\n    act: Run a job using a declarative pipeline script.\n    assert: Job succeeds.\n    ","status":"broken","statusMessage":"TimeoutError: Timed out waiting for model:\n  jenkins-k8s/0 [idle] error: hook failed: \"update-status\"","statusTrace":"Traceback (most recent call last):\n  File \"/home/ubuntu/actions-runner/_work/jenkins-k8s-operator/jenkins-k8s-operator/.tox/integration/lib/python3.12/site-packages/_pytest/runner.py\", line 344, in from_call\n    result: TResult | None = func()\n                             ^^^^^^\n  File \"/home/ubuntu/actions-runner/_work/jenkins-k8s-operator/jenkins-k8s-operator/.tox/integration/lib/python3.12/site-packages/_pytest/runner.py\", line 246, in <lambda>\n    lambda: runtest_hook(item=item, **kwds), when=when, reraise=reraise\n            ^^^^^^^^^^^^^^^^^^^^^^^^^^^^^^^\n  File \"/home/ubuntu/actions-runner/_work/jenkins-k8s-operator/jenkins-k8s-operator/.tox/integration/lib/python3.12/site-packages/pluggy/_hooks.py\", line 512, in __call__\n    return self._hookexec(self.name, self._hookimpls.copy(), kwargs, firstresult)\n           ^^^^^^^^^^^^^^^^^^^^^^^^^^^^^^^^^^^^^^^^^^^^^^^^^^^^^^^^^^^^^^^^^^^^^^\n  File \"/home/ubuntu/actions-runner/_work/jenkins-k8s-operator/jenkins-k8s-operator/.tox/integration/lib/python3.12/site-packages/pluggy/_manager.py\", line 120, in _hookexec\n    return self._inner_hookexec(hook_name, methods, kwargs, firstresult)\n           ^^^^^^^^^^^^^^^^^^^^^^^^^^^^^^^^^^^^^^^^^^^^^^^^^^^^^^^^^^^^^\n  File \"/home/ubuntu/actions-runner/_work/jenkins-k8s-operator/jenkins-k8s-operator/.tox/integration/lib/python3.12/site-packages/pluggy/_callers.py\", line 167, in _multicall\n    raise exception\n  File \"/home/ubuntu/actions-runner/_work/jenkins-k8s-operator/jenkins-k8s-operator/.tox/integration/lib/python3.12/site-packages/pluggy/_callers.py\", line 139, in _multicall\n    teardown.throw(exception)\n  File \"/home/ubuntu/actions-runner/_work/jenkins-k8s-operator/jenkins-k8s-operator/.tox/integration/lib/python3.12/site-packages/_pytest/logging.py\", line 843, in pytest_runtest_setup\n    yield\n  File \"/home/ubuntu/actions-runner/_work/jenkins-k8s-operator/jenkins-k8s-operator/.tox/integration/lib/python3.12/site-packages/pluggy/_callers.py\", line 139, in _multicall\n    teardown.throw(exception)\n  File \"/home/ubuntu/actions-runner/_work/jenkins-k8s-operator/jenkins-k8s-operator/.tox/integration/lib/python3.12/site-packages/pluggy/_callers.py\", line 53, in run_old_style_hookwrapper\n    return result.get_result()\n           ^^^^^^^^^^^^^^^^^^^\n  File \"/home/ubuntu/actions-runner/_work/jenkins-k8s-operator/jenkins-k8s-operator/.tox/integration/lib/python3.12/site-packages/pluggy/_result.py\", line 103, in get_result\n    raise exc.with_traceback(tb)\n  File \"/home/ubuntu/actions-runner/_work/jenkins-k8s-operator/jenkins-k8s-operator/.tox/integration/lib/python3.12/site-packages/pluggy/_callers.py\", line 38, in run_old_style_hookwrapper\n    res = yield\n          ^^^^^\n  File \"/home/ubuntu/actions-runner/_work/jenkins-k8s-operator/jenkins-k8s-operator/.tox/integration/lib/python3.12/site-packages/pluggy/_callers.py\", line 139, in _multicall\n    teardown.throw(exception)\n  File \"/home/ubuntu/actions-runner/_work/jenkins-k8s-operator/jenkins-k8s-operator/.tox/integration/lib/python3.12/site-packages/_pytest/capture.py\", line 895, in pytest_runtest_setup\n    return (yield)\n            ^^^^^\n  File \"/home/ubuntu/actions-runner/_work/jenkins-k8s-operator/jenkins-k8s-operator/.tox/integration/lib/python3.12/site-packages/pluggy/_callers.py\", line 121, in _multicall\n    res = hook_impl.function(*args)\n          ^^^^^^^^^^^^^^^^^^^^^^^^^\n  File \"/home/ubuntu/actions-runner/_work/jenkins-k8s-operator/jenkins-k8s-operator/.tox/integration/lib/python3.12/site-packages/_pytest/runner.py\", line 164, in pytest_runtest_setup\n    item.session._setupstate.setup(item)\n  File \"/home/ubuntu/actions-runner/_work/jenkins-k8s-operator/jenkins-k8s-operator/.tox/integration/lib/python3.12/site-packages/_pytest/runner.py\", line 514, in setup\n    col.setup()\n  File \"/home/ubuntu/actions-runner/_work/jenkins-k8s-operator/jenkins-k8s-operator/.tox/integration/lib/python3.12/site-packages/_pytest/python.py\", line 1674, in setup\n    self._request._fillfixtures()\n  File \"/home/ubuntu/actions-runner/_work/jenkins-k8s-operator/jenkins-k8s-operator/.tox/integration/lib/python3.12/site-packages/_pytest/fixtures.py\", line 720, in _fillfixtures\n    item.funcargs[argname] = self.getfixturevalue(argname)\n                             ^^^^^^^^^^^^^^^^^^^^^^^^^^^^^\n  File \"/home/ubuntu/actions-runner/_work/jenkins-k8s-operator/jenkins-k8s-operator/.tox/integration/lib/python3.12/site-packages/_pytest/fixtures.py\", line 549, in getfixturevalue\n    fixturedef = self._get_active_fixturedef(argname)\n                 ^^^^^^^^^^^^^^^^^^^^^^^^^^^^^^^^^^^^\n  File \"/home/ubuntu/actions-runner/_work/jenkins-k8s-operator/jenkins-k8s-operator/.tox/integration/lib/python3.12/site-packages/_pytest/fixtures.py\", line 640, in _get_active_fixturedef\n    fixturedef.execute(request=subrequest)\n  File \"/home/ubuntu/actions-runner/_work/jenkins-k8s-operator/jenkins-k8s-operator/.tox/integration/lib/python3.12/site-packages/_pytest/fixtures.py\", line 1084, in execute\n    fixturedef = request._get_active_fixturedef(argname)\n                 ^^^^^^^^^^^^^^^^^^^^^^^^^^^^^^^^^^^^^^^\n  File \"/home/ubuntu/actions-runner/_work/jenkins-k8s-operator/jenkins-k8s-operator/.tox/integration/lib/python3.12/site-packages/_pytest/fixtures.py\", line 640, in _get_active_fixturedef\n    fixturedef.execute(request=subrequest)\n  File \"/home/ubuntu/actions-runner/_work/jenkins-k8s-operator/jenkins-k8s-operator/.tox/integration/lib/python3.12/site-packages/_pytest/fixtures.py\", line 1108, in execute\n    raise exc.with_traceback(exc_tb)\n  File \"/home/ubuntu/actions-runner/_work/jenkins-k8s-operator/jenkins-k8s-operator/.tox/integration/lib/python3.12/site-packages/_pytest/fixtures.py\", line 1196, in pytest_fixture_setup\n    result = call_fixture_func(fixturefunc, request, kwargs)\n             ^^^^^^^^^^^^^^^^^^^^^^^^^^^^^^^^^^^^^^^^^^^^^^^\n  File \"/home/ubuntu/actions-runner/_work/jenkins-k8s-operator/jenkins-k8s-operator/.tox/integration/lib/python3.12/site-packages/_pytest/fixtures.py\", line 930, in call_fixture_func\n    fixture_result = fixturefunc(**kwargs)\n                     ^^^^^^^^^^^^^^^^^^^^^\n  File \"/home/ubuntu/actions-runner/_work/jenkins-k8s-operator/jenkins-k8s-operator/.tox/integration/lib/python3.12/site-packages/pytest_asyncio/plugin.py\", line 302, in _asyncgen_fixture_wrapper\n    result = event_loop.run_until_complete(setup())\n             ^^^^^^^^^^^^^^^^^^^^^^^^^^^^^^^^^^^^^^\n  File \"/usr/lib/python3.12/asyncio/base_events.py\", line 687, in run_until_complete\n    return future.result()\n           ^^^^^^^^^^^^^^^\n  File \"/home/ubuntu/actions-runner/_work/jenkins-k8s-operator/jenkins-k8s-operator/.tox/integration/lib/python3.12/site-packages/pytest_asyncio/plugin.py\", line 284, in setup\n    res = await gen_obj.__anext__()\n          ^^^^^^^^^^^^^^^^^^^^^^^^^\n  File \"/home/ubuntu/actions-runner/_work/jenkins-k8s-operator/jenkins-k8s-operator/tests/integration/conftest.py\", line 97, in application_fixture\n    await model.wait_for_idle(\n  File \"/home/ubuntu/actions-runner/_work/jenkins-k8s-operator/jenkins-k8s-operator/.tox/integration/lib/python3.12/site-packages/juju/model/__init__.py\", line 3250, in wait_for_idle\n    raise asyncio.TimeoutError(\nTimeoutError: Timed out waiting for model:\n  jenkins-k8s/0 [idle] error: hook failed: \"update-status\"","steps":[],"attachments":[{"uid":"df0c74e66c671336","name":"log","source":"df0c74e66c671336.txt","type":"text/plain","size":112248}],"parameters":[],"shouldDisplayMessage":true,"stepsCount":0,"attachmentsCount":1,"hasContent":true,"attachmentStep":false},"afterStages":[{"name":"ops_test::finalizer","time":{"start":1769874469207,"stop":1769874469569,"duration":362},"status":"passed","steps":[],"attachments":[],"parameters":[],"shouldDisplayMessage":false,"stepsCount":0,"attachmentsCount":0,"hasContent":false,"attachmentStep":false},{"name":"event_loop::2","time":{"start":1769874469569,"stop":1769874469570,"duration":1},"status":"passed","steps":[],"attachments":[],"parameters":[],"shouldDisplayMessage":false,"stepsCount":0,"attachmentsCount":0,"hasContent":false,"attachmentStep":false},{"name":"event_loop::_close_event_loop","time":{"start":1769874469570,"stop":1769874469570,"duration":0},"status":"passed","steps":[],"attachments":[],"parameters":[],"shouldDisplayMessage":false,"stepsCount":0,"attachmentsCount":0,"hasContent":false,"attachmentStep":false},{"name":"event_loop::_provide_clean_event_loop","time":{"start":1769874469570,"stop":1769874469570,"duration":0},"status":"passed","steps":[],"attachments":[],"parameters":[],"shouldDisplayMessage":false,"stepsCount":0,"attachmentsCount":0,"hasContent":false,"attachmentStep":false}],"labels":[{"name":"tag","value":"asyncio"},{"name":"parentSuite","value":"tests.integration"},{"name":"suite","value":"test_plugins_part_2"},{"name":"host","value":"github-runner"},{"name":"thread","value":"42552-MainThread"},{"name":"framework","value":"pytest"},{"name":"language","value":"cpython3"},{"name":"package","value":"tests.integration.test_plugins_part_2"},{"name":"resultFormat","value":"allure2"}],"parameters":[],"links":[],"hidden":false,"retry":false,"extra":{"severity":"normal","retries":[{"uid":"44ed8b68b0d0a826","status":"unknown","time":{}}],"categories":[{"name":"Test defects","matchedStatuses":[]}],"history":{"statistic":{"failed":0,"broken":1,"skipped":0,"passed":14,"unknown":2,"total":17},"items":[{"uid":"e198c9b03b258097","reportUrl":"../1796//#testresult/e198c9b03b258097","status":"passed","time":{"start":1769268230081,"stop":1769268273135,"duration":43054}},{"uid":"771c7fd795c92a9d","reportUrl":"../1721//#testresult/771c7fd795c92a9d","status":"passed","time":{"start":1768663945833,"stop":1768663988969,"duration":43136}},{"uid":"25c73a2e4fa61926","reportUrl":"../1713//#testresult/25c73a2e4fa61926","status":"passed","time":{"start":1768059091256,"stop":1768059134323,"duration":43067}},{"uid":"c6bac3de95a80390","reportUrl":"../1701//#testresult/c6bac3de95a80390","status":"passed","time":{"start":1767454560584,"stop":1767454613679,"duration":53095}},{"uid":"96ba0b0777337f7","reportUrl":"../1694//#testresult/96ba0b0777337f7","status":"passed","time":{"start":1766849509629,"stop":1766849552703,"duration":43074}},{"uid":"43f7cca6db8a6d1f","reportUrl":"../1687//#testresult/43f7cca6db8a6d1f","status":"passed","time":{"start":1766244736555,"stop":1766244779640,"duration":43085}},{"uid":"1cba66729b2f0011","reportUrl":"../1663//#testresult/1cba66729b2f0011","status":"passed","time":{"start":1765035119431,"stop":1765035172723,"duration":53292}},{"uid":"35dfccaeff7947a9","reportUrl":"../1658//#testresult/35dfccaeff7947a9","status":"passed","time":{"start":1764430962031,"stop":1764431005001,"duration":42970}},{"uid":"865f7351947c6a09","reportUrl":"../1646//#testresult/865f7351947c6a09","status":"unknown","time":{}},{"uid":"3266763e9b0dc1a7","reportUrl":"../1645//#testresult/3266763e9b0dc1a7","status":"passed","time":{"start":1762982496628,"stop":1762982549611,"duration":52983}},{"uid":"7dad4fa4b915dc0e","reportUrl":"../1644//#testresult/7dad4fa4b915dc0e","status":"passed","time":{"start":1762940407021,"stop":1762940455206,"duration":48185}},{"uid":"9130d17929a3d643","reportUrl":"../1643//#testresult/9130d17929a3d643","status":"passed","time":{"start":1762880422938,"stop":1762880466000,"duration":43062}},{"uid":"dd141507f848dee6","reportUrl":"../1638//#testresult/dd141507f848dee6","status":"passed","time":{"start":1761983155504,"stop":1761983198516,"duration":43012}},{"uid":"75f574ea4fc33f59","reportUrl":"../1637//#testresult/75f574ea4fc33f59","status":"passed","time":{"start":1761821418957,"stop":1761821462073,"duration":43116}},{"uid":"4e557d05721f40b","reportUrl":"../1636//#testresult/4e557d05721f40b","status":"unknown","time":{}},{"uid":"b904d8c4ead584ef","reportUrl":"../1634//#testresult/b904d8c4ead584ef","status":"passed","time":{"start":1761649926729,"stop":1761649979808,"duration":53079}}]},"tags":["asyncio"]},"source":"ce0316acf06f1633.json","parameterValues":[]}